C:\Program Files\Microsoft Visual Studio\2022\Community\MSBuild\Microsoft\VC\v170\Microsoft.CppBuild.targets(514,5): warning MSB8028: The intermediate directory (Release\) contains files shared from another project (SimplePlugin.vcxproj).  This can lead to incorrect clean and rebuild behavior.
lld-link : warning : procedure symbol record for `std::bad_alloc::~bad_alloc` in d:\a01\_work\38\s\Intermediate\vctools\libcpmt.nativeproj__1724544669\objr\x86\xthrow.obj refers to PDB item index 0x1314 which is not a valid function ID record
lld-link : warning : procedure symbol record for `__FrameHandler3::GetRangeOfTrysToCheck` in d:\a01\_work\38\s\Intermediate\vctools\libvcruntime.nativeproj_520857879\objr\x86\trnsctrl.obj refers to PDB item index 0x12D4 which is not a valid function ID record
lld-link : warning : procedure symbol record for `_CallCatchBlock2` in d:\a01\_work\38\s\Intermediate\vctools\libvcruntime.nativeproj_520857879\objr\x86\trnsctrl.obj refers to PDB item index 0x12CC which is not a valid function ID record
lld-link : warning : procedure symbol record for `_JumpToContinuation` in d:\a01\_work\38\s\Intermediate\vctools\libvcruntime.nativeproj_520857879\objr\x86\trnsctrl.obj refers to PDB item index 0x12CF which is not a valid function ID record
lld-link : warning : procedure symbol record for `_UnwindNestedFrames` in d:\a01\_work\38\s\Intermediate\vctools\libvcruntime.nativeproj_520857879\objr\x86\trnsctrl.obj refers to PDB item index 0x12D0 which is not a valid function ID record
lld-link : warning : procedure symbol record for `_FindAndUnlinkFrame` in d:\a01\_work\38\s\Intermediate\vctools\libvcruntime.nativeproj_520857879\objr\x86\trnsctrl.obj refers to PDB item index 0x12CB which is not a valid function ID record
lld-link : warning : procedure symbol record for `__AdjustPointer` in d:\a01\_work\38\s\Intermediate\vctools\libvcruntime.nativeproj_520857879\objr\x86\ehhelpers.obj refers to PDB item index 0x11A2 which is not a valid function ID record
lld-link : warning : procedure symbol record for `__std_exception_copy` in d:\a01\_work\38\s\Intermediate\vctools\libvcruntime.nativeproj_520857879\objr\x86\std_exception.obj refers to PDB item index 0x123A which is not a valid function ID record
lld-link : warning : procedure symbol record for `__std_exception_destroy` in d:\a01\_work\38\s\Intermediate\vctools\libvcruntime.nativeproj_520857879\objr\x86\std_exception.obj refers to PDB item index 0x1284 which is not a valid function ID record
lld-link : warning : procedure symbol record for `__std_type_info_destroy_list` in d:\a01\_work\38\s\Intermediate\vctools\libvcruntime.nativeproj_520857879\objr\x86\std_type_info.obj refers to PDB item index 0x1312 which is not a valid function ID record
lld-link : warning : procedure symbol record for `__vcrt_freeptd` in d:\a01\_work\38\s\Intermediate\vctools\libvcruntime.nativeproj_520857879\objr\x86\per_thread_data.obj refers to PDB item index 0x133B which is not a valid function ID record
lld-link : warning : procedure symbol record for `__vcrt_getptd` in d:\a01\_work\38\s\Intermediate\vctools\libvcruntime.nativeproj_520857879\objr\x86\per_thread_data.obj refers to PDB item index 0x1286 which is not a valid function ID record
lld-link : warning : procedure symbol record for `FindHandlerForForeignException<__FrameHandler3>` in d:\a01\_work\38\s\Intermediate\vctools\libvcruntime.nativeproj_520857879\objr\x86\frame.obj refers to PDB item index 0x12C7 which is not a valid function ID record
lld-link : warning : procedure symbol record for `TypeMatchHelper<__FrameHandler3>` in d:\a01\_work\38\s\Intermediate\vctools\libvcruntime.nativeproj_520857879\objr\x86\frame.obj refers to PDB item index 0x12C1 which is not a valid function ID record
lld-link : warning : procedure symbol record for `__InternalCxxFrameHandler<__FrameHandler3>` in d:\a01\_work\38\s\Intermediate\vctools\libvcruntime.nativeproj_520857879\objr\x86\frame.obj refers to PDB item index 0x12C0 which is not a valid function ID record
lld-link : warning : procedure symbol record for `std::bad_exception::bad_exception` in d:\a01\_work\38\s\Intermediate\vctools\libvcruntime.nativeproj_520857879\objr\x86\frame.obj refers to PDB item index 0x12B0 which is not a valid function ID record
lld-link : warning : procedure symbol record for `std::bad_exception::~bad_exception` in d:\a01\_work\38\s\Intermediate\vctools\libvcruntime.nativeproj_520857879\objr\x86\frame.obj refers to PDB item index 0x1192 which is not a valid function ID record
lld-link : warning : procedure symbol record for `type_info::operator==` in d:\a01\_work\38\s\Intermediate\vctools\libvcruntime.nativeproj_520857879\objr\x86\frame.obj refers to PDB item index 0x12B1 which is not a valid function ID record
lld-link : warning : procedure symbol record for `std::bad_exception::`scalar deleting destructor'` in d:\a01\_work\38\s\Intermediate\vctools\libvcruntime.nativeproj_520857879\objr\x86\frame.obj refers to PDB item index 0x1191 which is not a valid function ID record
lld-link : warning : procedure symbol record for `CallCatchBlock` in d:\a01\_work\38\s\Intermediate\vctools\libvcruntime.nativeproj_520857879\objr\x86\frame.obj refers to PDB item index 0x12B7 which is not a valid function ID record
lld-link : warning : procedure symbol record for `CallUnexpected` in d:\a01\_work\38\s\Intermediate\vctools\libvcruntime.nativeproj_520857879\objr\x86\frame.obj refers to PDB item index 0x12BE which is not a valid function ID record
lld-link : warning : procedure symbol record for `ExFilterRethrow` in d:\a01\_work\38\s\Intermediate\vctools\libvcruntime.nativeproj_520857879\objr\x86\frame.obj refers to PDB item index 0x12B8 which is not a valid function ID record
lld-link : warning : procedure symbol record for `__FrameHandler3::FrameUnwindToEmptyState` in d:\a01\_work\38\s\Intermediate\vctools\libvcruntime.nativeproj_520857879\objr\x86\frame.obj refers to PDB item index 0x12B2 which is not a valid function ID record
lld-link : warning : procedure symbol record for `__FrameHandler3::FrameUnwindToState` in d:\a01\_work\38\s\Intermediate\vctools\libvcruntime.nativeproj_520857879\objr\x86\frame.obj refers to PDB item index 0x12B6 which is not a valid function ID record
lld-link : warning : procedure symbol record for `IsInExceptionSpec` in d:\a01\_work\38\s\Intermediate\vctools\libvcruntime.nativeproj_520857879\objr\x86\frame.obj refers to PDB item index 0x12BD which is not a valid function ID record
lld-link : warning : procedure symbol record for `_CallMemberFunction1` in d:\a01\_work\38\s\Intermediate\vctools\libvcruntime.nativeproj_520857879\objr\x86\frame.obj refers to PDB item index 0x12AD which is not a valid function ID record
lld-link : warning : procedure symbol record for `_CallMemberFunction2` in d:\a01\_work\38\s\Intermediate\vctools\libvcruntime.nativeproj_520857879\objr\x86\frame.obj refers to PDB item index 0x12AE which is not a valid function ID record
lld-link : warning : procedure symbol record for `__FrameHandler3::getESTypes` in d:\a01\_work\38\s\Intermediate\vctools\libvcruntime.nativeproj_520857879\objr\x86\frame.obj refers to PDB item index 0x12B3 which is not a valid function ID record
lld-link : warning : procedure symbol record for `__except_validate_context_record` in d:\a01\_work\38\s\Intermediate\vctools\libvcruntime.nativeproj_520857879\objr\x86\jbcxrval.obj refers to PDB item index 0x1040 which is not a valid function ID record
lld-link : warning : procedure symbol record for `unexpected` in d:\a01\_work\38\s\Intermediate\vctools\libvcruntime.nativeproj_520857879\objr\x86\unexpected.obj refers to PDB item index 0x12CA which is not a valid function ID record
lld-link : warning : procedure symbol record for `__FrameHandler3::GetCurrentState` in d:\a01\_work\38\s\Intermediate\vctools\libvcruntime.nativeproj_520857879\objr\x86\ehstate.obj refers to PDB item index 0x12D2 which is not a valid function ID record
lld-link : warning : procedure symbol record for `__FrameHandler3::SetState` in d:\a01\_work\38\s\Intermediate\vctools\libvcruntime.nativeproj_520857879\objr\x86\ehstate.obj refers to PDB item index 0x12D3 which is not a valid function ID record
lld-link : warning : procedure symbol record for `__FrameHandler3::GetRangeOfTrysToCheck` in d:\a01\_work\38\s\Intermediate\vctools\libvcruntime.nativeproj_520857879\objr\x86\trnsctrl.obj refers to PDB item index 0x12D4 which is not a valid function ID record
lld-link : warning : procedure symbol record for `_CallCatchBlock2` in d:\a01\_work\38\s\Intermediate\vctools\libvcruntime.nativeproj_520857879\objr\x86\trnsctrl.obj refers to PDB item index 0x12CC which is not a valid function ID record
lld-link : warning : procedure symbol record for `_JumpToContinuation` in d:\a01\_work\38\s\Intermediate\vctools\libvcruntime.nativeproj_520857879\objr\x86\trnsctrl.obj refers to PDB item index 0x12CF which is not a valid function ID record
lld-link : warning : procedure symbol record for `_UnwindNestedFrames` in d:\a01\_work\38\s\Intermediate\vctools\libvcruntime.nativeproj_520857879\objr\x86\trnsctrl.obj refers to PDB item index 0x12D0 which is not a valid function ID record
lld-link : warning : procedure symbol record for `_FindAndUnlinkFrame` in d:\a01\_work\38\s\Intermediate\vctools\libvcruntime.nativeproj_520857879\objr\x86\trnsctrl.obj refers to PDB item index 0x12CB which is not a valid function ID record
lld-link : warning : procedure symbol record for `unexpected` in d:\a01\_work\38\s\Intermediate\vctools\libvcruntime.nativeproj_520857879\objr\x86\unexpected.obj refers to PDB item index 0x12CA which is not a valid function ID record
lld-link : warning : procedure symbol record for `__FrameHandler3::GetCurrentState` in d:\a01\_work\38\s\Intermediate\vctools\libvcruntime.nativeproj_520857879\objr\x86\ehstate.obj refers to PDB item index 0x12D2 which is not a valid function ID record
lld-link : warning : procedure symbol record for `__FrameHandler3::SetState` in d:\a01\_work\38\s\Intermediate\vctools\libvcruntime.nativeproj_520857879\objr\x86\ehstate.obj refers to PDB item index 0x12D3 which is not a valid function ID record
lld-link : warning : procedure symbol record for `__except_validate_context_record` in d:\a01\_work\38\s\Intermediate\vctools\libvcruntime.nativeproj_520857879\objr\x86\jbcxrval.obj refers to PDB item index 0x1040 which is not a valid function ID record
lld-link : warning : procedure symbol record for `__vcrt_freeptd` in d:\a01\_work\38\s\Intermediate\vctools\libvcruntime.nativeproj_520857879\objr\x86\per_thread_data.obj refers to PDB item index 0x133B which is not a valid function ID record
lld-link : warning : procedure symbol record for `__vcrt_getptd` in d:\a01\_work\38\s\Intermediate\vctools\libvcruntime.nativeproj_520857879\objr\x86\per_thread_data.obj refers to PDB item index 0x1286 which is not a valid function ID record
lld-link : warning : procedure symbol record for `FindHandlerForForeignException<__FrameHandler3>` in d:\a01\_work\38\s\Intermediate\vctools\libvcruntime.nativeproj_520857879\objr\x86\frame.obj refers to PDB item index 0x12C7 which is not a valid function ID record
lld-link : warning : procedure symbol record for `TypeMatchHelper<__FrameHandler3>` in d:\a01\_work\38\s\Intermediate\vctools\libvcruntime.nativeproj_520857879\objr\x86\frame.obj refers to PDB item index 0x12C1 which is not a valid function ID record
lld-link : warning : procedure symbol record for `__InternalCxxFrameHandler<__FrameHandler3>` in d:\a01\_work\38\s\Intermediate\vctools\libvcruntime.nativeproj_520857879\objr\x86\frame.obj refers to PDB item index 0x12C0 which is not a valid function ID record
lld-link : warning : procedure symbol record for `std::bad_exception::bad_exception` in d:\a01\_work\38\s\Intermediate\vctools\libvcruntime.nativeproj_520857879\objr\x86\frame.obj refers to PDB item index 0x12B0 which is not a valid function ID record
lld-link : warning : procedure symbol record for `std::bad_exception::~bad_exception` in d:\a01\_work\38\s\Intermediate\vctools\libvcruntime.nativeproj_520857879\objr\x86\frame.obj refers to PDB item index 0x1192 which is not a valid function ID record
lld-link : warning : procedure symbol record for `type_info::operator==` in d:\a01\_work\38\s\Intermediate\vctools\libvcruntime.nativeproj_520857879\objr\x86\frame.obj refers to PDB item index 0x12B1 which is not a valid function ID record
lld-link : warning : procedure symbol record for `std::bad_exception::`scalar deleting destructor'` in d:\a01\_work\38\s\Intermediate\vctools\libvcruntime.nativeproj_520857879\objr\x86\frame.obj refers to PDB item index 0x1191 which is not a valid function ID record
lld-link : warning : procedure symbol record for `CallCatchBlock` in d:\a01\_work\38\s\Intermediate\vctools\libvcruntime.nativeproj_520857879\objr\x86\frame.obj refers to PDB item index 0x12B7 which is not a valid function ID record
lld-link : warning : procedure symbol record for `__std_type_info_destroy_list` in d:\a01\_work\38\s\Intermediate\vctools\libvcruntime.nativeproj_520857879\objr\x86\std_type_info.obj refers to PDB item index 0x1312 which is not a valid function ID record
lld-link : warning : procedure symbol record for `__AdjustPointer` in d:\a01\_work\38\s\Intermediate\vctools\libvcruntime.nativeproj_520857879\objr\x86\ehhelpers.obj refers to PDB item index 0x11A2 which is not a valid function ID record
lld-link : warning : procedure symbol record for `__std_exception_copy` in d:\a01\_work\38\s\Intermediate\vctools\libvcruntime.nativeproj_520857879\objr\x86\std_exception.obj refers to PDB item index 0x123A which is not a valid function ID record
lld-link : warning : procedure symbol record for `__std_exception_destroy` in d:\a01\_work\38\s\Intermediate\vctools\libvcruntime.nativeproj_520857879\objr\x86\std_exception.obj refers to PDB item index 0x1284 which is not a valid function ID record
lld-link : warning : procedure symbol record for `CallUnexpected` in d:\a01\_work\38\s\Intermediate\vctools\libvcruntime.nativeproj_520857879\objr\x86\frame.obj refers to PDB item index 0x12BE which is not a valid function ID record
lld-link : warning : procedure symbol record for `ExFilterRethrow` in d:\a01\_work\38\s\Intermediate\vctools\libvcruntime.nativeproj_520857879\objr\x86\frame.obj refers to PDB item index 0x12B8 which is not a valid function ID record
lld-link : warning : procedure symbol record for `__FrameHandler3::FrameUnwindToEmptyState` in d:\a01\_work\38\s\Intermediate\vctools\libvcruntime.nativeproj_520857879\objr\x86\frame.obj refers to PDB item index 0x12B2 which is not a valid function ID record
lld-link : warning : procedure symbol record for `__FrameHandler3::FrameUnwindToState` in d:\a01\_work\38\s\Intermediate\vctools\libvcruntime.nativeproj_520857879\objr\x86\frame.obj refers to PDB item index 0x12B6 which is not a valid function ID record
lld-link : warning : procedure symbol record for `IsInExceptionSpec` in d:\a01\_work\38\s\Intermediate\vctools\libvcruntime.nativeproj_520857879\objr\x86\frame.obj refers to PDB item index 0x12BD which is not a valid function ID record
lld-link : warning : procedure symbol record for `_CallMemberFunction1` in d:\a01\_work\38\s\Intermediate\vctools\libvcruntime.nativeproj_520857879\objr\x86\frame.obj refers to PDB item index 0x12AD which is not a valid function ID record
lld-link : warning : procedure symbol record for `_CallMemberFunction2` in d:\a01\_work\38\s\Intermediate\vctools\libvcruntime.nativeproj_520857879\objr\x86\frame.obj refers to PDB item index 0x12AE which is not a valid function ID record
lld-link : warning : procedure symbol record for `__FrameHandler3::getESTypes` in d:\a01\_work\38\s\Intermediate\vctools\libvcruntime.nativeproj_520857879\objr\x86\frame.obj refers to PDB item index 0x12B3 which is not a valid function ID record
lld-link : warning : procedure symbol record for `std::bad_alloc::~bad_alloc` in d:\a01\_work\38\s\Intermediate\vctools\libcpmt.nativeproj__1724544669\objr\x86\xthrow.obj refers to PDB item index 0x1314 which is not a valid function ID record
  SimplePlugin.vcxproj -> F:\Hacks\LoL\Plugins\Release\KalistaCarry.dll
